gEDA/gschem version 20060906
gEDA/gschem comes with ABSOLUTELY NO WARRANTY; see COPYING for more details.
This is free software, and you are welcome to redistribute it under certain
conditions; please see the COPYING file for more details.

Read system-gafrc file [/etc/gEDA/system-gafrc]
Did not find optional ~/.gEDA/gafrc file [/home/justyn/.gEDA/gafrc]
Did not find optional local gafrc file [/home/justyn/project/pcb/robotics/git-svn/gafrc]
Read system-gschemrc file [/etc/gEDA/system-gschemrc]
Read ~/.gEDA/gschemrc file [/home/justyn/.gEDA/gschemrc]
Did not find optional local gschemrc file [/home/justyn/project/pcb/robotics/git-svn/gschemrc]
Read init scm file [/usr/share/gEDA/scheme/gschem.scm]
Read specified /home/justyn/project/pcb/robotics/git-svn/digital-io/gafrc file [/home/justyn/project/pcb/robotics/git-svn/digital-io/gafrc]
Opened file [/home/justyn/project/pcb/robotics/git-svn/digital-io/ioboard.sch]
Searching for source [sub-inport.sch]
Found [sub-inport.sch]
RC file [/home/justyn/project/pcb/robotics/git-svn/digital-io/gafrc] already read in.
Opened file [/home/justyn/project/pcb/robotics/git-svn/digital-io/sub-inport.sch]
Searching for symbol [/usr/share/gEDA/sym/power/vdd-1.sym]
Did not find specified /usr/share/gEDA/sym/power/gafrc file [/usr/share/gEDA/sym/power/gafrc]
Opened file [/usr/share/gEDA/sym/power/vdd-1.sym]
Hidden text is now visible
