gEDA/gnetlist version 20060906
gEDA/gnetlist comes with ABSOLUTELY NO WARRANTY; see COPYING for more details.
This is free software, and you are welcome to redistribute it under certain
conditions; please see the COPYING file for more details.

Remember to check that your schematic has no errors using the drc2 backend.
You can do it running 'gnetlist -g drc2 your_schematic.sch -o drc_output.txt'
and seeing the contents of the file drc_output.txt.

Read system-gafrc file [/etc/gEDA/system-gafrc]
Did not find optional ~/.gEDA/gafrc file [/home/justyn/.gEDA/gafrc]
Read local gafrc file [/home/justyn/project/pcb/robotics/git-svn/digital-io/gafrc]
Read system-gnetlistrc file [/etc/gEDA/system-gnetlistrc]
Did not find optional ~/.gEDA/gnetlistrc file [/home/justyn/.gEDA/gnetlistrc]
Did not find optional local gnetlistrc file [/home/justyn/project/pcb/robotics/git-svn/digital-io/gnetlistrc]
RC file [/home/justyn/project/pcb/robotics/git-svn/digital-io/gafrc] already read in.
Opened file [/home/justyn/project/pcb/robotics/git-svn/digital-io/ioboard.sch]
Going to traverse source [sub-inport.sch]
Found [sub-inport.sch]
RC file [/home/justyn/project/pcb/robotics/git-svn/digital-io/gafrc] already read in.
Opened file [/home/justyn/project/pcb/robotics/git-svn/digital-io/sub-inport.sch]
Going to traverse source [sub-inport.sch]
Found [sub-inport.sch]
RC file [/home/justyn/project/pcb/robotics/git-svn/digital-io/gafrc] already read in.
Opened file [/home/justyn/project/pcb/robotics/git-svn/digital-io/sub-inport.sch]
Going to traverse source [sub-inport.sch]
Found [sub-inport.sch]
RC file [/home/justyn/project/pcb/robotics/git-svn/digital-io/gafrc] already read in.
Opened file [/home/justyn/project/pcb/robotics/git-svn/digital-io/sub-inport.sch]
Going to traverse source [sub-inport.sch]
Found [sub-inport.sch]
RC file [/home/justyn/project/pcb/robotics/git-svn/digital-io/gafrc] already read in.
Opened file [/home/justyn/project/pcb/robotics/git-svn/digital-io/sub-inport.sch]
Going to traverse source [sub-outport.sch]
Found [sub-outport.sch]
RC file [/home/justyn/project/pcb/robotics/git-svn/digital-io/gafrc] already read in.
Opened file [/home/justyn/project/pcb/robotics/git-svn/digital-io/sub-outport.sch]
Going to traverse source [sub-outport.sch]
Found [sub-outport.sch]
RC file [/home/justyn/project/pcb/robotics/git-svn/digital-io/gafrc] already read in.
Opened file [/home/justyn/project/pcb/robotics/git-svn/digital-io/sub-outport.sch]
Going to traverse source [sub-outport.sch]
Found [sub-outport.sch]
RC file [/home/justyn/project/pcb/robotics/git-svn/digital-io/gafrc] already read in.
Opened file [/home/justyn/project/pcb/robotics/git-svn/digital-io/sub-outport.sch]
Going to traverse source [sub-outport.sch]
Found [sub-outport.sch]
RC file [/home/justyn/project/pcb/robotics/git-svn/digital-io/gafrc] already read in.
Opened file [/home/justyn/project/pcb/robotics/git-svn/digital-io/sub-outport.sch]
Going to traverse source [sub-jumpers.sch]
Found [sub-jumpers.sch]
RC file [/home/justyn/project/pcb/robotics/git-svn/digital-io/gafrc] already read in.
Opened file [/home/justyn/project/pcb/robotics/git-svn/digital-io/sub-jumpers.sch]
Read init scm file [/usr/share/gEDA/scheme/gnetlist.scm]
Read gsch2pcb scm file [/usr/share/gEDA/scheme/gnet-gsch2pcb.scm]
Read scm file [gnet-gsch2pcb-tmp.scm]
