gEDA/gschem version 20060906
gEDA/gschem comes with ABSOLUTELY NO WARRANTY; see COPYING for more details.
This is free software, and you are welcome to redistribute it under certain
conditions; please see the COPYING file for more details.

Read system-gafrc file [/etc/gEDA/system-gafrc]
Did not find optional ~/.gEDA/gafrc file [/home/justyn/.gEDA/gafrc]
Read local gafrc file [/home/justyn/project/pcb/robotics/git-svn/digital-io/gafrc]
Read system-gschemrc file [/etc/gEDA/system-gschemrc]
Read ~/.gEDA/gschemrc file [/home/justyn/.gEDA/gschemrc]
Did not find optional local gschemrc file [/home/justyn/project/pcb/robotics/git-svn/digital-io/gschemrc]
Read init scm file [/usr/share/gEDA/scheme/gschem.scm]
RC file [/home/justyn/project/pcb/robotics/git-svn/digital-io/gafrc] already read in.
Opened file [/home/justyn/project/pcb/robotics/git-svn/digital-io/outport.sch]
Did not find specified /usr/share/gEDA/sym/transistor/gafrc file [/usr/share/gEDA/sym/transistor/gafrc]
Opened file [/usr/share/gEDA/sym/transistor/mosfet-with-diode-1.sym]
Did not find specified /usr/share/gEDA/sym/transistor/gafrc file [/usr/share/gEDA/sym/transistor/gafrc]
Opened file [/usr/share/gEDA/sym/transistor/IRF1010N-1.sym]
Did not find specified /usr/share/gEDA/sym/transistor/gafrc file [/usr/share/gEDA/sym/transistor/gafrc]
Opened file [/usr/share/gEDA/sym/transistor/2N3904-1.sym]
Did not find specified /usr/share/gEDA/sym/transistor/gafrc file [/usr/share/gEDA/sym/transistor/gafrc]
Opened file [/usr/share/gEDA/sym/transistor/2N3906-1.sym]
Did not find specified /usr/share/gEDA/sym/transistor/gafrc file [/usr/share/gEDA/sym/transistor/gafrc]
Opened file [/usr/share/gEDA/sym/transistor/2N5245-1.sym]
Did not find specified /usr/share/gEDA/sym/transistor/gafrc file [/usr/share/gEDA/sym/transistor/gafrc]
Opened file [/usr/share/gEDA/sym/transistor/2N3906-1.sym]
Did not find specified /usr/share/gEDA/sym/transistor/gafrc file [/usr/share/gEDA/sym/transistor/gafrc]
Opened file [/usr/share/gEDA/sym/transistor/2N5245-1.sym]
Did not find specified /usr/share/gEDA/sym/transistor/gafrc file [/usr/share/gEDA/sym/transistor/gafrc]
Opened file [/usr/share/gEDA/sym/transistor/2N5911-1.sym]
Did not find specified /usr/share/gEDA/sym/transistor/gafrc file [/usr/share/gEDA/sym/transistor/gafrc]
Opened file [/usr/share/gEDA/sym/transistor/2N5245-1.sym]
Did not find specified /usr/share/gEDA/sym/transistor/gafrc file [/usr/share/gEDA/sym/transistor/gafrc]
Opened file [/usr/share/gEDA/sym/transistor/2N5911-1.sym]
Did not find specified /usr/share/gEDA/sym/transistor/gafrc file [/usr/share/gEDA/sym/transistor/gafrc]
Opened file [/usr/share/gEDA/sym/transistor/2N5245-1.sym]
Did not find specified /usr/share/gEDA/sym/transistor/gafrc file [/usr/share/gEDA/sym/transistor/gafrc]
Opened file [/usr/share/gEDA/sym/transistor/2N5911-1.sym]
Did not find specified /usr/share/gEDA/sym/transistor/gafrc file [/usr/share/gEDA/sym/transistor/gafrc]
Opened file [/usr/share/gEDA/sym/transistor/2S2K3-1.sym]
Did not find specified /usr/share/gEDA/sym/transistor/gafrc file [/usr/share/gEDA/sym/transistor/gafrc]
Opened file [/usr/share/gEDA/sym/transistor/2N5245-1.sym]
Did not find specified /usr/share/gEDA/sym/transistor/gafrc file [/usr/share/gEDA/sym/transistor/gafrc]
Opened file [/usr/share/gEDA/sym/transistor/2N5911-1.sym]
Did not find specified /usr/share/gEDA/sym/transistor/gafrc file [/usr/share/gEDA/sym/transistor/gafrc]
Opened file [/usr/share/gEDA/sym/transistor/BC182-1.sym]
Did not find specified /usr/share/gEDA/sym/transistor/gafrc file [/usr/share/gEDA/sym/transistor/gafrc]
Opened file [/usr/share/gEDA/sym/transistor/BC307-1.sym]
Did not find specified /usr/share/gEDA/sym/transistor/gafrc file [/usr/share/gEDA/sym/transistor/gafrc]
Opened file [/usr/share/gEDA/sym/transistor/dgnmos-1.sym]
Did not find specified /usr/share/gEDA/sym/transistor/gafrc file [/usr/share/gEDA/sym/transistor/gafrc]
Opened file [/usr/share/gEDA/sym/transistor/BC557-2.sym]
Did not find specified /usr/share/gEDA/sym/transistor/gafrc file [/usr/share/gEDA/sym/transistor/gafrc]
Opened file [/usr/share/gEDA/sym/transistor/dgnmos-1.sym]
Did not find specified /usr/share/gEDA/sym/transistor/gafrc file [/usr/share/gEDA/sym/transistor/gafrc]
Opened file [/usr/share/gEDA/sym/transistor/ips521-1.sym]
Did not find specified /usr/share/gEDA/sym/transistor/gafrc file [/usr/share/gEDA/sym/transistor/gafrc]
Opened file [/usr/share/gEDA/sym/transistor/IRF1010N-1.sym]
Did not find specified /usr/share/gEDA/sym/transistor/gafrc file [/usr/share/gEDA/sym/transistor/gafrc]
Opened file [/usr/share/gEDA/sym/transistor/IRLZ24N-1.sym]
Did not find specified /usr/share/gEDA/sym/transistor/gafrc file [/usr/share/gEDA/sym/transistor/gafrc]
Opened file [/usr/share/gEDA/sym/transistor/mosfet-with-diode-1.sym]
Did not find specified /usr/share/gEDA/sym/transistor/gafrc file [/usr/share/gEDA/sym/transistor/gafrc]
Opened file [/usr/share/gEDA/sym/transistor/ULN2003-1.sym]
Did not find specified /usr/share/gEDA/sym/transistor/gafrc file [/usr/share/gEDA/sym/transistor/gafrc]
Opened file [/usr/share/gEDA/sym/transistor/ULN2801A-1.sym]
Did not find specified /usr/share/gEDA/sym/transistor/gafrc file [/usr/share/gEDA/sym/transistor/gafrc]
Opened file [/usr/share/gEDA/sym/transistor/ULN2003-1.sym]
Did not find specified /usr/share/gEDA/sym/transistor/gafrc file [/usr/share/gEDA/sym/transistor/gafrc]
Opened file [/usr/share/gEDA/sym/transistor/IRLZ24N-1.sym]
Did not find specified /usr/share/gEDA/sym/transistor/gafrc file [/usr/share/gEDA/sym/transistor/gafrc]
Opened file [/usr/share/gEDA/sym/transistor/IRF1010N-1.sym]
Did not find specified /usr/share/gEDA/sym/transistor/gafrc file [/usr/share/gEDA/sym/transistor/gafrc]
Opened file [/usr/share/gEDA/sym/transistor/ips521-1.sym]
Did not find specified /usr/share/gEDA/sym/transistor/gafrc file [/usr/share/gEDA/sym/transistor/gafrc]
Opened file [/usr/share/gEDA/sym/transistor/2N3906-1.sym]
Did not find specified /usr/share/gEDA/sym/transistor/gafrc file [/usr/share/gEDA/sym/transistor/gafrc]
Opened file [/usr/share/gEDA/sym/transistor/2N3904-2.sym]
Did not find specified /usr/share/gEDA/sym/transistor/gafrc file [/usr/share/gEDA/sym/transistor/gafrc]
Opened file [/usr/share/gEDA/sym/transistor/2N3904-1.sym]
Did not find specified /usr/share/gEDA/sym/transistor/gafrc file [/usr/share/gEDA/sym/transistor/gafrc]
Opened file [/usr/share/gEDA/sym/transistor/2N2222-1.sym]
Did not find specified /usr/share/gEDA/sym/transistor/gafrc file [/usr/share/gEDA/sym/transistor/gafrc]
Opened file [/usr/share/gEDA/sym/transistor/2N3904-2.sym]
Did not find specified /usr/share/gEDA/sym/transistor/gafrc file [/usr/share/gEDA/sym/transistor/gafrc]
Opened file [/usr/share/gEDA/sym/transistor/BC182-1.sym]
Did not find specified /usr/share/gEDA/sym/transistor/gafrc file [/usr/share/gEDA/sym/transistor/gafrc]
Opened file [/usr/share/gEDA/sym/transistor/BC307-1.sym]
Did not find specified /usr/share/gEDA/sym/transistor/gafrc file [/usr/share/gEDA/sym/transistor/gafrc]
Opened file [/usr/share/gEDA/sym/transistor/BC547-1.sym]
Did not find specified /usr/share/gEDA/sym/transistor/gafrc file [/usr/share/gEDA/sym/transistor/gafrc]
Opened file [/usr/share/gEDA/sym/transistor/BC547-2.sym]
Did not find specified /usr/share/gEDA/sym/transistor/gafrc file [/usr/share/gEDA/sym/transistor/gafrc]
Opened file [/usr/share/gEDA/sym/transistor/BC547-3.sym]
Did not find specified /usr/share/gEDA/sym/transistor/gafrc file [/usr/share/gEDA/sym/transistor/gafrc]
Opened file [/usr/share/gEDA/sym/transistor/BC557-1.sym]
Did not find specified /usr/share/gEDA/sym/transistor/gafrc file [/usr/share/gEDA/sym/transistor/gafrc]
Opened file [/usr/share/gEDA/sym/transistor/BC557-2.sym]
Did not find specified /usr/share/gEDA/sym/transistor/gafrc file [/usr/share/gEDA/sym/transistor/gafrc]
Opened file [/usr/share/gEDA/sym/transistor/2N5911-1.sym]
Did not find specified /usr/share/gEDA/sym/transistor/gafrc file [/usr/share/gEDA/sym/transistor/gafrc]
Opened file [/usr/share/gEDA/sym/transistor/2N5245-1.sym]
Did not find specified /usr/share/gEDA/sym/transistor/gafrc file [/usr/share/gEDA/sym/transistor/gafrc]
Opened file [/usr/share/gEDA/sym/transistor/2N5911-1.sym]
Did not find specified /usr/share/gEDA/sym/transistor/gafrc file [/usr/share/gEDA/sym/transistor/gafrc]
Opened file [/usr/share/gEDA/sym/transistor/2S2K3-1.sym]
Did not find specified /usr/share/gEDA/sym/transistor/gafrc file [/usr/share/gEDA/sym/transistor/gafrc]
Opened file [/usr/share/gEDA/sym/transistor/2N5911-1.sym]
Did not find specified /usr/share/gEDA/sym/transistor/gafrc file [/usr/share/gEDA/sym/transistor/gafrc]
Opened file [/usr/share/gEDA/sym/transistor/2N5245-1.sym]
Did not find specified /usr/share/gEDA/sym/transistor/gafrc file [/usr/share/gEDA/sym/transistor/gafrc]
Opened file [/usr/share/gEDA/sym/transistor/2N5911-1.sym]
Did not find specified /usr/share/gEDA/sym/transistor/gafrc file [/usr/share/gEDA/sym/transistor/gafrc]
Opened file [/usr/share/gEDA/sym/transistor/2S2K3-1.sym]
Did not find specified /usr/share/gEDA/sym/transistor/gafrc file [/usr/share/gEDA/sym/transistor/gafrc]
Opened file [/usr/share/gEDA/sym/transistor/2N5911-1.sym]
Did not find specified /usr/share/gEDA/sym/transistor/gafrc file [/usr/share/gEDA/sym/transistor/gafrc]
Opened file [/usr/share/gEDA/sym/transistor/mosfet-with-diode-1.sym]
Did not find specified /usr/share/gEDA/sym/transistor/gafrc file [/usr/share/gEDA/sym/transistor/gafrc]
Opened file [/usr/share/gEDA/sym/transistor/mosfet-with-diode-1.sym]
Did not find specified /usr/share/gEDA/sym/transistor/gafrc file [/usr/share/gEDA/sym/transistor/gafrc]
Opened file [/usr/share/gEDA/sym/transistor/mosfet-with-diode-1.sym]
Did not find specified /usr/share/gEDA/sym/transistor/gafrc file [/usr/share/gEDA/sym/transistor/gafrc]
Opened file [/usr/share/gEDA/sym/transistor/mosfet-with-diode-1.sym]
Did not find specified /usr/share/gEDA/sym/transistor/gafrc file [/usr/share/gEDA/sym/transistor/gafrc]
Opened file [/usr/share/gEDA/sym/transistor/mosfet-with-diode-1.sym]
Did not find specified /usr/share/gEDA/sym/transistor/gafrc file [/usr/share/gEDA/sym/transistor/gafrc]
Opened file [/usr/share/gEDA/sym/transistor/2N3055-1.sym]
Did not find specified /usr/share/gEDA/sym/transistor/gafrc file [/usr/share/gEDA/sym/transistor/gafrc]
Opened file [/usr/share/gEDA/sym/transistor/2N3904-2.sym]
Did not find specified /usr/share/gEDA/sym/transistor/gafrc file [/usr/share/gEDA/sym/transistor/gafrc]
Opened file [/usr/share/gEDA/sym/transistor/2N5245-1.sym]
Did not find specified /usr/share/gEDA/sym/transistor/gafrc file [/usr/share/gEDA/sym/transistor/gafrc]
Opened file [/usr/share/gEDA/sym/transistor/2N5911-1.sym]
Did not find specified /usr/share/gEDA/sym/transistor/gafrc file [/usr/share/gEDA/sym/transistor/gafrc]
Opened file [/usr/share/gEDA/sym/transistor/2N5245-1.sym]
Did not find specified /usr/share/gEDA/sym/transistor/gafrc file [/usr/share/gEDA/sym/transistor/gafrc]
Opened file [/usr/share/gEDA/sym/transistor/2N5911-1.sym]
Did not find specified /usr/share/gEDA/sym/transistor/gafrc file [/usr/share/gEDA/sym/transistor/gafrc]
Opened file [/usr/share/gEDA/sym/transistor/ULN2003-1.sym]
Did not find specified /usr/share/gEDA/sym/transistor/gafrc file [/usr/share/gEDA/sym/transistor/gafrc]
Opened file [/usr/share/gEDA/sym/transistor/mosfet-with-diode-1.sym]
Did not find specified /usr/share/gEDA/sym/transistor/gafrc file [/usr/share/gEDA/sym/transistor/gafrc]
Opened file [/usr/share/gEDA/sym/transistor/IRLZ24N-1.sym]
Did not find specified /usr/share/gEDA/sym/transistor/gafrc file [/usr/share/gEDA/sym/transistor/gafrc]
Opened file [/usr/share/gEDA/sym/transistor/IRF1010N-1.sym]
Did not find specified /usr/share/gEDA/sym/transistor/gafrc file [/usr/share/gEDA/sym/transistor/gafrc]
Opened file [/usr/share/gEDA/sym/transistor/ips521-1.sym]
Did not find specified /usr/share/gEDA/sym/transistor/gafrc file [/usr/share/gEDA/sym/transistor/gafrc]
Opened file [/usr/share/gEDA/sym/transistor/dgnmos-1.sym]
Did not find specified /usr/share/gEDA/sym/transistor/gafrc file [/usr/share/gEDA/sym/transistor/gafrc]
Opened file [/usr/share/gEDA/sym/transistor/BC557-2.sym]
Did not find specified /usr/share/gEDA/sym/transistor/gafrc file [/usr/share/gEDA/sym/transistor/gafrc]
Opened file [/usr/share/gEDA/sym/transistor/BC557-1.sym]
Did not find specified /usr/share/gEDA/sym/transistor/gafrc file [/usr/share/gEDA/sym/transistor/gafrc]
Opened file [/usr/share/gEDA/sym/transistor/BC547-3.sym]
Did not find specified /usr/share/gEDA/sym/transistor/gafrc file [/usr/share/gEDA/sym/transistor/gafrc]
Opened file [/usr/share/gEDA/sym/transistor/BC547-1.sym]
Did not find specified /usr/share/gEDA/sym/transistor/gafrc file [/usr/share/gEDA/sym/transistor/gafrc]
Opened file [/usr/share/gEDA/sym/transistor/BC307-1.sym]
Did not find specified /usr/share/gEDA/sym/transistor/gafrc file [/usr/share/gEDA/sym/transistor/gafrc]
Opened file [/usr/share/gEDA/sym/transistor/ULN2003-1.sym]
Did not find specified /usr/share/gEDA/sym/transistor/gafrc file [/usr/share/gEDA/sym/transistor/gafrc]
Opened file [/usr/share/gEDA/sym/transistor/ULN2801A-1.sym]
Did not find specified /usr/share/gEDA/sym/transistor/gafrc file [/usr/share/gEDA/sym/transistor/gafrc]
Opened file [/usr/share/gEDA/sym/transistor/IRLZ24N-1.sym]
Did not find specified /usr/share/gEDA/sym/transistor/gafrc file [/usr/share/gEDA/sym/transistor/gafrc]
Opened file [/usr/share/gEDA/sym/transistor/mosfet-with-diode-1.sym]
Did not find specified /usr/share/gEDA/sym/analog/gafrc file [/usr/share/gEDA/sym/analog/gafrc]
Opened file [/usr/share/gEDA/sym/analog/microphone-1.sym]
Did not find specified /usr/share/gEDA/sym/analog/gafrc file [/usr/share/gEDA/sym/analog/gafrc]
Opened file [/usr/share/gEDA/sym/analog/nmos-1.sym]
Did not find specified /usr/share/gEDA/sym/analog/gafrc file [/usr/share/gEDA/sym/analog/gafrc]
Opened file [/usr/share/gEDA/sym/analog/nmos-2.sym]
Did not find specified /usr/share/gEDA/sym/analog/gafrc file [/usr/share/gEDA/sym/analog/gafrc]
Opened file [/usr/share/gEDA/sym/analog/pmos-1.sym]
Did not find specified /usr/share/gEDA/sym/analog/gafrc file [/usr/share/gEDA/sym/analog/gafrc]
Opened file [/usr/share/gEDA/sym/analog/pmos-2.sym]
Did not find specified /usr/share/gEDA/sym/analog/gafrc file [/usr/share/gEDA/sym/analog/gafrc]
Opened file [/usr/share/gEDA/sym/analog/pmos-1.sym]
Did not find specified /usr/share/gEDA/sym/analog/gafrc file [/usr/share/gEDA/sym/analog/gafrc]
Opened file [/usr/share/gEDA/sym/analog/pnp-1.sym]
Did not find specified /usr/share/gEDA/sym/analog/gafrc file [/usr/share/gEDA/sym/analog/gafrc]
Opened file [/usr/share/gEDA/sym/analog/pmos-3.sym]
Did not find specified /usr/share/gEDA/sym/analog/gafrc file [/usr/share/gEDA/sym/analog/gafrc]
Opened file [/usr/share/gEDA/sym/analog/pmos-1.sym]
Did not find specified /usr/share/gEDA/sym/analog/gafrc file [/usr/share/gEDA/sym/analog/gafrc]
Opened file [/usr/share/gEDA/sym/analog/pmos-2.sym]
Did not find specified /usr/share/gEDA/sym/linear/gafrc file [/usr/share/gEDA/sym/linear/gafrc]
Opened file [/usr/share/gEDA/sym/linear/ad633JN-2.sym]
Did not find specified /usr/share/gEDA/sym/linear/gafrc file [/usr/share/gEDA/sym/linear/gafrc]
Opened file [/usr/share/gEDA/sym/linear/lm1877-1.sym]
Did not find specified /usr/share/gEDA/sym/misc/gafrc file [/usr/share/gEDA/sym/misc/gafrc]
Opened file [/usr/share/gEDA/sym/misc/nc-left-1.sym]
Did not find specified /usr/share/gEDA/sym/transistor/gafrc file [/usr/share/gEDA/sym/transistor/gafrc]
Opened file [/usr/share/gEDA/sym/transistor/ULN2801A-1.sym]
Did not find specified /usr/share/gEDA/sym/transistor/gafrc file [/usr/share/gEDA/sym/transistor/gafrc]
Opened file [/usr/share/gEDA/sym/transistor/ULN2003-1.sym]
Did not find specified /usr/share/gEDA/sym/transistor/gafrc file [/usr/share/gEDA/sym/transistor/gafrc]
Opened file [/usr/share/gEDA/sym/transistor/mosfet-with-diode-1.sym]
Did not find specified /usr/share/gEDA/sym/transistor/gafrc file [/usr/share/gEDA/sym/transistor/gafrc]
Opened file [/usr/share/gEDA/sym/transistor/IRLZ24N-1.sym]
Did not find specified /usr/share/gEDA/sym/transistor/gafrc file [/usr/share/gEDA/sym/transistor/gafrc]
Opened file [/usr/share/gEDA/sym/transistor/IRF1010N-1.sym]
Did not find specified /usr/share/gEDA/sym/transistor/gafrc file [/usr/share/gEDA/sym/transistor/gafrc]
Opened file [/usr/share/gEDA/sym/transistor/ips521-1.sym]
Did not find specified /usr/share/gEDA/sym/transistor/gafrc file [/usr/share/gEDA/sym/transistor/gafrc]
Opened file [/usr/share/gEDA/sym/transistor/dgnmos-1.sym]
Did not find specified /usr/share/gEDA/sym/transistor/gafrc file [/usr/share/gEDA/sym/transistor/gafrc]
Opened file [/usr/share/gEDA/sym/transistor/BC557-2.sym]
Did not find specified /usr/share/gEDA/sym/transistor/gafrc file [/usr/share/gEDA/sym/transistor/gafrc]
Opened file [/usr/share/gEDA/sym/transistor/BC547-3.sym]
Did not find specified /usr/share/gEDA/sym/transistor/gafrc file [/usr/share/gEDA/sym/transistor/gafrc]
Opened file [/usr/share/gEDA/sym/transistor/BC547-1.sym]
Did not find specified /usr/share/gEDA/sym/transistor/gafrc file [/usr/share/gEDA/sym/transistor/gafrc]
Opened file [/usr/share/gEDA/sym/transistor/2N5245-1.sym]
Did not find specified /usr/share/gEDA/sym/transistor/gafrc file [/usr/share/gEDA/sym/transistor/gafrc]
Opened file [/usr/share/gEDA/sym/transistor/2N3906-1.sym]
Did not find specified /usr/share/gEDA/sym/transistor/gafrc file [/usr/share/gEDA/sym/transistor/gafrc]
Opened file [/usr/share/gEDA/sym/transistor/2S2K3-1.sym]
Did not find specified /usr/share/gEDA/sym/transistor/gafrc file [/usr/share/gEDA/sym/transistor/gafrc]
Opened file [/usr/share/gEDA/sym/transistor/2N5911-1.sym]
Did not find specified /usr/share/gEDA/sym/transistor/gafrc file [/usr/share/gEDA/sym/transistor/gafrc]
Opened file [/usr/share/gEDA/sym/transistor/2N5245-1.sym]
Did not find specified /usr/share/gEDA/sym/transistor/gafrc file [/usr/share/gEDA/sym/transistor/gafrc]
Opened file [/usr/share/gEDA/sym/transistor/2N2222-1.sym]
Did not find specified /usr/share/gEDA/sym/transistor/gafrc file [/usr/share/gEDA/sym/transistor/gafrc]
Opened file [/usr/share/gEDA/sym/transistor/mosfet-with-diode-1.sym]
Did not find specified /usr/share/gEDA/sym/transistor/gafrc file [/usr/share/gEDA/sym/transistor/gafrc]
Opened file [/usr/share/gEDA/sym/transistor/IRLZ24N-1.sym]
Did not find specified /usr/share/gEDA/sym/transistor/gafrc file [/usr/share/gEDA/sym/transistor/gafrc]
Opened file [/usr/share/gEDA/sym/transistor/mosfet-with-diode-1.sym]
Did not find specified /usr/share/gEDA/sym/transistor/gafrc file [/usr/share/gEDA/sym/transistor/gafrc]
Opened file [/usr/share/gEDA/sym/transistor/IRLZ24N-1.sym]
Did not find specified /usr/share/gEDA/sym/transistor/gafrc file [/usr/share/gEDA/sym/transistor/gafrc]
Opened file [/usr/share/gEDA/sym/transistor/mosfet-with-diode-1.sym]
Did not find specified /usr/share/gEDA/sym/transistor/gafrc file [/usr/share/gEDA/sym/transistor/gafrc]
Opened file [/usr/share/gEDA/sym/transistor/IRLZ24N-1.sym]
Did not find specified /usr/share/gEDA/sym/transistor/gafrc file [/usr/share/gEDA/sym/transistor/gafrc]
Opened file [/usr/share/gEDA/sym/transistor/mosfet-with-diode-1.sym]
Did not find specified /usr/share/gEDA/sym/transistor/gafrc file [/usr/share/gEDA/sym/transistor/gafrc]
Opened file [/usr/share/gEDA/sym/transistor/IRLZ24N-1.sym]
Did not find specified /usr/share/gEDA/sym/transistor/gafrc file [/usr/share/gEDA/sym/transistor/gafrc]
Opened file [/usr/share/gEDA/sym/transistor/ULN2003-1.sym]
Did not find specified /usr/share/gEDA/sym/transistor/gafrc file [/usr/share/gEDA/sym/transistor/gafrc]
Opened file [/usr/share/gEDA/sym/transistor/mosfet-with-diode-1.sym]
Did not find specified /usr/share/gEDA/sym/transistor/gafrc file [/usr/share/gEDA/sym/transistor/gafrc]
Opened file [/usr/share/gEDA/sym/transistor/IRLZ24N-1.sym]
Did not find specified /usr/share/gEDA/sym/transistor/gafrc file [/usr/share/gEDA/sym/transistor/gafrc]
Opened file [/usr/share/gEDA/sym/transistor/IRF1010N-1.sym]
Did not find specified /usr/share/gEDA/sym/transistor/gafrc file [/usr/share/gEDA/sym/transistor/gafrc]
Opened file [/usr/share/gEDA/sym/transistor/ips521-1.sym]
Did not find specified /usr/share/gEDA/sym/transistor/gafrc file [/usr/share/gEDA/sym/transistor/gafrc]
Opened file [/usr/share/gEDA/sym/transistor/ips3310-1.sym]
Did not find specified /usr/share/gEDA/sym/transistor/gafrc file [/usr/share/gEDA/sym/transistor/gafrc]
Opened file [/usr/share/gEDA/sym/transistor/dgnmos-1.sym]
Did not find specified /usr/share/gEDA/sym/transistor/gafrc file [/usr/share/gEDA/sym/transistor/gafrc]
Opened file [/usr/share/gEDA/sym/transistor/ULN2801A-1.sym]
Did not find specified /usr/share/gEDA/sym/transistor/gafrc file [/usr/share/gEDA/sym/transistor/gafrc]
Opened file [/usr/share/gEDA/sym/transistor/ULN2003-1.sym]
Did not find specified /usr/share/gEDA/sym/transistor/gafrc file [/usr/share/gEDA/sym/transistor/gafrc]
Opened file [/usr/share/gEDA/sym/transistor/mosfet-with-diode-1.sym]
Did not find specified /usr/share/gEDA/sym/transistor/gafrc file [/usr/share/gEDA/sym/transistor/gafrc]
Opened file [/usr/share/gEDA/sym/transistor/IRLZ24N-1.sym]
Did not find specified /usr/share/gEDA/sym/transistor/gafrc file [/usr/share/gEDA/sym/transistor/gafrc]
Opened file [/usr/share/gEDA/sym/transistor/IRF1010N-1.sym]
Did not find specified /usr/share/gEDA/sym/transistor/gafrc file [/usr/share/gEDA/sym/transistor/gafrc]
Opened file [/usr/share/gEDA/sym/transistor/ips3310-1.sym]
Did not find specified /usr/share/gEDA/sym/transistor/gafrc file [/usr/share/gEDA/sym/transistor/gafrc]
Opened file [/usr/share/gEDA/sym/transistor/BC557-2.sym]
Did not find specified /usr/share/gEDA/sym/transistor/gafrc file [/usr/share/gEDA/sym/transistor/gafrc]
Opened file [/usr/share/gEDA/sym/transistor/BC557-1.sym]
Did not find specified /usr/share/gEDA/sym/transistor/gafrc file [/usr/share/gEDA/sym/transistor/gafrc]
Opened file [/usr/share/gEDA/sym/transistor/BC547-3.sym]
Did not find specified /usr/share/gEDA/sym/transistor/gafrc file [/usr/share/gEDA/sym/transistor/gafrc]
Opened file [/usr/share/gEDA/sym/transistor/BC547-2.sym]
Did not find specified /usr/share/gEDA/sym/transistor/gafrc file [/usr/share/gEDA/sym/transistor/gafrc]
Opened file [/usr/share/gEDA/sym/transistor/BC307-1.sym]
Did not find specified /usr/share/gEDA/sym/transistor/gafrc file [/usr/share/gEDA/sym/transistor/gafrc]
Opened file [/usr/share/gEDA/sym/transistor/2S2K3-1.sym]
Did not find specified /usr/share/gEDA/sym/analog/gafrc file [/usr/share/gEDA/sym/analog/gafrc]
Opened file [/usr/share/gEDA/sym/analog/nmos-1.sym]
Did not find specified /usr/share/gEDA/sym/analog/gafrc file [/usr/share/gEDA/sym/analog/gafrc]
Opened file [/usr/share/gEDA/sym/analog/nmos-2.sym]
Did not find specified /usr/share/gEDA/sym/analog/gafrc file [/usr/share/gEDA/sym/analog/gafrc]
Opened file [/usr/share/gEDA/sym/analog/nmos-3.sym]
Did not find specified /usr/share/gEDA/sym/analog/gafrc file [/usr/share/gEDA/sym/analog/gafrc]
Opened file [/usr/share/gEDA/sym/analog/nmos-2.sym]
Did not find specified /usr/share/gEDA/sym/analog/gafrc file [/usr/share/gEDA/sym/analog/gafrc]
Opened file [/usr/share/gEDA/sym/analog/nmos-3.sym]
Did not find specified /usr/share/gEDA/sym/analog/gafrc file [/usr/share/gEDA/sym/analog/gafrc]
Opened file [/usr/share/gEDA/sym/analog/pmos-1.sym]
Did not find specified /usr/share/gEDA/sym/analog/gafrc file [/usr/share/gEDA/sym/analog/gafrc]
Opened file [/usr/share/gEDA/sym/analog/pmos-2.sym]
Did not find specified /usr/share/gEDA/sym/analog/gafrc file [/usr/share/gEDA/sym/analog/gafrc]
Opened file [/usr/share/gEDA/sym/analog/pmos-3.sym]
Did not find specified /usr/share/gEDA/sym/analog/gafrc file [/usr/share/gEDA/sym/analog/gafrc]
Opened file [/usr/share/gEDA/sym/analog/opamp-2.sym]
Did not find specified /usr/share/gEDA/sym/analog/gafrc file [/usr/share/gEDA/sym/analog/gafrc]
Opened file [/usr/share/gEDA/sym/analog/nmos-2.sym]
Did not find specified /usr/share/gEDA/sym/analog/gafrc file [/usr/share/gEDA/sym/analog/gafrc]
Opened file [/usr/share/gEDA/sym/analog/nmos-3.sym]
Saved [/home/justyn/project/pcb/robotics/git-svn/digital-io/outport.sch]
