gEDA/gschem version 20060906
gEDA/gschem comes with ABSOLUTELY NO WARRANTY; see COPYING for more details.
This is free software, and you are welcome to redistribute it under certain
conditions; please see the COPYING file for more details.

Read system-gafrc file [/etc/gEDA/system-gafrc]
Did not find optional ~/.gEDA/gafrc file [/home/justyn/.gEDA]
Did not find optional local gafrc file [/home/justyn/project/pcb/ioboard/pkg/gafrc]
Read system-gschemrc file [/etc/gEDA/system-gschemrc]
Did not find optional ~/.gEDA/gschemrc file [/home/justyn/.gEDA]
Did not find optional local gschemrc file [/home/justyn/project/pcb/ioboard/pkg/gschemrc]
Read init scm file [/usr/share/gEDA/scheme/gschem.scm]
Did not find specified /usr/share/gEDA/sym/analog/gafrc file [/usr/share/gEDA/sym/analog/gafrc]
Opened file [/usr/share/gEDA/sym/analog/photo-resistor-1.sym]
Did not find specified /usr/share/gEDA/sym/connector/gafrc file [/usr/share/gEDA/sym/connector/gafrc]
Opened file [/usr/share/gEDA/sym/connector/connector10-1.sym]
Did not find specified /usr/share/gEDA/sym/connector/gafrc file [/usr/share/gEDA/sym/connector/gafrc]
Opened file [/usr/share/gEDA/sym/connector/rj45-1.sym]
Did not find specified /usr/share/gEDA/sym/connector/gafrc file [/usr/share/gEDA/sym/connector/gafrc]
Opened file [/usr/share/gEDA/sym/connector/header20-2.sym]
Did not find specified /usr/share/gEDA/sym/connector/gafrc file [/usr/share/gEDA/sym/connector/gafrc]
Opened file [/usr/share/gEDA/sym/connector/header10-1.sym]
Did not find specified /usr/share/gEDA/sym/connector/gafrc file [/usr/share/gEDA/sym/connector/gafrc]
Opened file [/usr/share/gEDA/sym/connector/gpib-1.sym]
Did not find specified /usr/share/gEDA/sym/connector/gafrc file [/usr/share/gEDA/sym/connector/gafrc]
Opened file [/usr/share/gEDA/sym/connector/header10-1.sym]
Did not find specified /usr/share/gEDA/sym/connector/gafrc file [/usr/share/gEDA/sym/connector/gafrc]
Opened file [/usr/share/gEDA/sym/connector/header10-2.sym]
Did not find specified /usr/share/gEDA/sym/connector/gafrc file [/usr/share/gEDA/sym/connector/gafrc]
Opened file [/usr/share/gEDA/sym/connector/header16-1.sym]
Did not find specified /usr/share/gEDA/sym/connector/gafrc file [/usr/share/gEDA/sym/connector/gafrc]
Opened file [/usr/share/gEDA/sym/connector/header18-2.sym]
Did not find specified /usr/share/gEDA/sym/connector/gafrc file [/usr/share/gEDA/sym/connector/gafrc]
Opened file [/usr/share/gEDA/sym/connector/header10-2.sym]
Did not find specified /usr/share/gEDA/sym/connector/gafrc file [/usr/share/gEDA/sym/connector/gafrc]
Opened file [/usr/share/gEDA/sym/connector/header10-1.sym]
Did not find specified /usr/share/gEDA/sym/connector/gafrc file [/usr/share/gEDA/sym/connector/gafrc]
Opened file [/usr/share/gEDA/sym/connector/dip24-1.sym]
Did not find specified /usr/share/gEDA/sym/connector/gafrc file [/usr/share/gEDA/sym/connector/gafrc]
Opened file [/usr/share/gEDA/sym/connector/header10-1.sym]
Did not find specified /usr/share/gEDA/sym/connector/gafrc file [/usr/share/gEDA/sym/connector/gafrc]
Opened file [/usr/share/gEDA/sym/connector/aui-1.sym]
Did not find specified /usr/share/gEDA/sym/connector/gafrc file [/usr/share/gEDA/sym/connector/gafrc]
Opened file [/usr/share/gEDA/sym/connector/connector1-2.sym]
Did not find specified /usr/share/gEDA/sym/connector/gafrc file [/usr/share/gEDA/sym/connector/gafrc]
Opened file [/usr/share/gEDA/sym/connector/connector10-1.sym]
Did not find specified /usr/share/gEDA/sym/connector/gafrc file [/usr/share/gEDA/sym/connector/gafrc]
Opened file [/usr/share/gEDA/sym/connector/connector1-2.sym]
Did not find specified /usr/share/gEDA/sym/connector/gafrc file [/usr/share/gEDA/sym/connector/gafrc]
Opened file [/usr/share/gEDA/sym/connector/connector10-1.sym]
Did not find specified /usr/share/gEDA/sym/connector/gafrc file [/usr/share/gEDA/sym/connector/gafrc]
Opened file [/usr/share/gEDA/sym/connector/connector1-2.sym]
Did not find specified /usr/share/gEDA/sym/connector/gafrc file [/usr/share/gEDA/sym/connector/gafrc]
Opened file [/usr/share/gEDA/sym/connector/connector26-1.sym]
Did not find specified /usr/share/gEDA/sym/connector/gafrc file [/usr/share/gEDA/sym/connector/gafrc]
Opened file [/usr/share/gEDA/sym/connector/connector25-2.sym]
Did not find specified /usr/share/gEDA/sym/connector/gafrc file [/usr/share/gEDA/sym/connector/gafrc]
Opened file [/usr/share/gEDA/sym/connector/DB15-1.sym]
Did not find specified /usr/share/gEDA/sym/connector/gafrc file [/usr/share/gEDA/sym/connector/gafrc]
Opened file [/usr/share/gEDA/sym/connector/DB25-3.sym]
Did not find specified /usr/share/gEDA/sym/connector/gafrc file [/usr/share/gEDA/sym/connector/gafrc]
Opened file [/usr/share/gEDA/sym/connector/DB25-2.sym]
Did not find specified /usr/share/gEDA/sym/connector/gafrc file [/usr/share/gEDA/sym/connector/gafrc]
Opened file [/usr/share/gEDA/sym/connector/DB25-3.sym]
Did not find specified /usr/share/gEDA/sym/connector/gafrc file [/usr/share/gEDA/sym/connector/gafrc]
Opened file [/usr/share/gEDA/sym/connector/DIN41612C48-1.sym]
Did not find specified /usr/share/gEDA/sym/connector/gafrc file [/usr/share/gEDA/sym/connector/gafrc]
Opened file [/usr/share/gEDA/sym/connector/DIN41612C56-1.sym]
Did not find specified /usr/share/gEDA/sym/connector/gafrc file [/usr/share/gEDA/sym/connector/gafrc]
Opened file [/usr/share/gEDA/sym/connector/gpib-1.sym]
Did not find specified /usr/share/gEDA/sym/connector/gafrc file [/usr/share/gEDA/sym/connector/gafrc]
Opened file [/usr/share/gEDA/sym/connector/smart-media-1.sym]
Did not find specified /usr/share/gEDA/sym/connector/gafrc file [/usr/share/gEDA/sym/connector/gafrc]
Opened file [/usr/share/gEDA/sym/connector/mains-plug-1.sym]
Did not find specified /usr/share/gEDA/sym/connector/gafrc file [/usr/share/gEDA/sym/connector/gafrc]
Opened file [/usr/share/gEDA/sym/connector/mains-plug-2.sym]
Did not find specified /usr/share/gEDA/sym/connector/gafrc file [/usr/share/gEDA/sym/connector/gafrc]
Opened file [/usr/share/gEDA/sym/connector/MCX-1.sym]
Did not find specified /usr/share/gEDA/sym/connector/gafrc file [/usr/share/gEDA/sym/connector/gafrc]
Opened file [/usr/share/gEDA/sym/connector/terminal-1.sym]
Did not find specified /usr/share/gEDA/sym/connector/gafrc file [/usr/share/gEDA/sym/connector/gafrc]
Opened file [/usr/share/gEDA/sym/connector/rj45-1.sym]
Did not find specified /usr/share/gEDA/sym/diode/gafrc file [/usr/share/gEDA/sym/diode/gafrc]
Opened file [/usr/share/gEDA/sym/diode/diode-3.sym]
Did not find specified /usr/share/gEDA/sym/diode/gafrc file [/usr/share/gEDA/sym/diode/gafrc]
Opened file [/usr/share/gEDA/sym/diode/diode-2.sym]
Did not find specified /usr/share/gEDA/sym/diode/gafrc file [/usr/share/gEDA/sym/diode/gafrc]
Opened file [/usr/share/gEDA/sym/diode/bav70lt1-1.sym]
Did not find specified /usr/share/gEDA/sym/diode/gafrc file [/usr/share/gEDA/sym/diode/gafrc]
Opened file [/usr/share/gEDA/sym/diode/diode-1.sym]
Did not find specified /usr/share/gEDA/sym/diode/gafrc file [/usr/share/gEDA/sym/diode/gafrc]
Opened file [/usr/share/gEDA/sym/diode/diode-2.sym]
Did not find specified /usr/share/gEDA/sym/diode/gafrc file [/usr/share/gEDA/sym/diode/gafrc]
Opened file [/usr/share/gEDA/sym/diode/diode-3.sym]
Did not find specified /usr/share/gEDA/sym/diode/gafrc file [/usr/share/gEDA/sym/diode/gafrc]
Opened file [/usr/share/gEDA/sym/diode/diode-bridge-1.sym]
Did not find specified /usr/share/gEDA/sym/diode/gafrc file [/usr/share/gEDA/sym/diode/gafrc]
Opened file [/usr/share/gEDA/sym/diode/led-2.sym]
Did not find specified /usr/share/gEDA/sym/diode/gafrc file [/usr/share/gEDA/sym/diode/gafrc]
Opened file [/usr/share/gEDA/sym/diode/led-3.sym]
Did not find specified /usr/share/gEDA/sym/diode/gafrc file [/usr/share/gEDA/sym/diode/gafrc]
Opened file [/usr/share/gEDA/sym/diode/mbr1545ct-1.sym]
Did not find specified /usr/share/gEDA/sym/diode/gafrc file [/usr/share/gEDA/sym/diode/gafrc]
Opened file [/usr/share/gEDA/sym/diode/sa52-11-1.sym]
Did not find specified /usr/share/gEDA/sym/diode/gafrc file [/usr/share/gEDA/sym/diode/gafrc]
Opened file [/usr/share/gEDA/sym/diode/sc52-11-1.sym]
Did not find specified /usr/share/gEDA/sym/diode/gafrc file [/usr/share/gEDA/sym/diode/gafrc]
Opened file [/usr/share/gEDA/sym/diode/schottky-1.sym]
Did not find specified /usr/share/gEDA/sym/diode/gafrc file [/usr/share/gEDA/sym/diode/gafrc]
Opened file [/usr/share/gEDA/sym/diode/smda05-1.sym]
Did not find specified /usr/share/gEDA/sym/diode/gafrc file [/usr/share/gEDA/sym/diode/gafrc]
Opened file [/usr/share/gEDA/sym/diode/zener-1.sym]
Did not find specified /usr/share/gEDA/sym/diode/gafrc file [/usr/share/gEDA/sym/diode/gafrc]
Opened file [/usr/share/gEDA/sym/diode/zener-2.sym]
Did not find specified /usr/share/gEDA/sym/diode/gafrc file [/usr/share/gEDA/sym/diode/gafrc]
Opened file [/usr/share/gEDA/sym/diode/zener-4.sym]
Did not find specified /usr/share/gEDA/sym/diode/gafrc file [/usr/share/gEDA/sym/diode/gafrc]
Opened file [/usr/share/gEDA/sym/diode/zener-3.sym]
Did not find specified /usr/share/gEDA/sym/diode/gafrc file [/usr/share/gEDA/sym/diode/gafrc]
Opened file [/usr/share/gEDA/sym/diode/zener-1.sym]
Did not find specified /usr/share/gEDA/sym/diode/gafrc file [/usr/share/gEDA/sym/diode/gafrc]
Opened file [/usr/share/gEDA/sym/diode/zener-2.sym]
Did not find specified /usr/share/gEDA/sym/diode/gafrc file [/usr/share/gEDA/sym/diode/gafrc]
Opened file [/usr/share/gEDA/sym/diode/zener-1.sym]
Did not find specified /usr/share/gEDA/sym/diode/gafrc file [/usr/share/gEDA/sym/diode/gafrc]
Opened file [/usr/share/gEDA/sym/diode/zener-3.sym]
Did not find specified /usr/share/gEDA/sym/diode/gafrc file [/usr/share/gEDA/sym/diode/gafrc]
Opened file [/usr/share/gEDA/sym/diode/zener-4.sym]
Did not find specified /usr/share/gEDA/sym/diode/gafrc file [/usr/share/gEDA/sym/diode/gafrc]
Opened file [/usr/share/gEDA/sym/diode/zener-1.sym]
Closing Window
