Partlist

Exported from motor.sch at 11/01/2008 21:29:44 

EAGLE Version 4.16r2 Copyright (c) 1988-2006 CadSoft

Part     Value                Device            Package      Library        Sheet

C1       100nf                C-0603            C0603        quantum-sensor 1
C2       100nf                C-0603            C0603        quantum-sensor 1
C3       100nf                C-0603            C0603        quantum-sensor 1
C4       100nf                C-0603            C0603        quantum-sensor 1
C5       100nf                C-0603            C0603        quantum-sensor 1
C6       100nf                C-0603            C0603        quantum-sensor 1
C7       100nf                C-0603            C0603        quantum-sensor 1
C8       47uF                 CPOL-EUE1.8-4     E1,8-4       rcl            1
C9                            C-EUC0805         C0805        rcl            1
CON1     MODULE_CON           MODULE_CON        RJ11-4P4C    ecssr          1
CON2     FB0                  CAGECLAMP         CAGECLAMP    ecssr          1
CON3     FB1                  CAGECLAMP         CAGECLAMP    ecssr          1
CON4     FB3                  CAGECLAMP         CAGECLAMP    ecssr          1
CON5     FB2                  CAGECLAMP         CAGECLAMP    ecssr          1
D1       BAT754S              BAT754S           SOT23        ecssr          1
D2       BAT754S              BAT754S           SOT23        ecssr          1
D3       BAT754S              BAT754S           SOT23        ecssr          1
D4       BAT754S              BAT754S           SOT23        ecssr          1
D5       12cwr04fntrpbf-diode FFB20UP20DN-DIODE TO252-3      ecssr-Pwr      1
IC1      MSP430F2234          MSP430F2234       TSSOP38      ecssr          1
IC2      74153NS              74153NS           SOP16        ecssr          1
IC3      74153NS              74153NS           SOP16        ecssr          1
IC4      74153NS              74153NS           SOP16        ecssr          1
IC5      74153NS              74153NS           SOP16        ecssr          1
IC6      MAX4069              MAX4069           UMAX         ecssr-Pwr      1
IC7      MAX4069              MAX4069           UMAX         ecssr-Pwr      1
JP1      SBW                  PINHD-1X4         1X04         pinhead        1
LED1                          LEDCHIP-LED0603   CHIP-LED0603 led            1
LED2                          LEDCHIP-LED0603   CHIP-LED0603 led            1
LED3                          LEDCHIP-LED0603   CHIP-LED0603 led            1
LED4                          LEDCHIP-LED0603   CHIP-LED0603 led            1
LED5                          LEDCHIP-LED0603   CHIP-LED0603 led            1
LED6                          LEDCHIP-LED0603   CHIP-LED0603 led            1
LED10                         LEDCHIP-LED0603   CHIP-LED0603 led            1
LED11                         LEDCHIP-LED0603   CHIP-LED0603 led            1
LED12                         LEDCHIP-LED0603   CHIP-LED0603 led            1
LED13                         LEDCHIP-LED0603   CHIP-LED0603 led            1
LED14                         LEDCHIP-LED0603   CHIP-LED0603 led            1
Q1       2N7002               2N7002            SOT23        ecssr          1
Q2       2N7002               2N7002            SOT23        ecssr          1
Q3       2N7002               2N7002            SOT23        ecssr          1
Q4       2N7002               2N7002            SOT23        ecssr          1
Q5       FDD8882              FDD8882           TO252-3      ecssr          1
Q6       FDD8882              FDD8882           TO252-3      ecssr          1
Q7       FDD8882              FDD8882           TO252-3      ecssr          1
Q8       FDD8882              FDD8882           TO252-3      ecssr          1
Q13      NDS8435A             NDS8435A          SO08         ecssr          1
Q14      NDS8435A             NDS8435A          SO08         ecssr          1
Q15      NDS8435A             NDS8435A          SO08         ecssr          1
Q16      NDS8435A             NDS8435A          SO08         ecssr          1
R1       15mR                 R-EU_M1206        M1206        rcl            1
R2       15mR                 R-EU_M1206        M1206        rcl            1
R3       100K                 R-EU_R0603        R0603        rcl            1
R4       100K                 R-EU_R0603        R0603        rcl            1
R5       100K                 R-EU_R0603        R0603        rcl            1
R6       100K                 R-EU_R0603        R0603        rcl            1
R7                            R-EU_R0603        R0603        rcl            1
R8       100K                 R-EU_R0603        R0603        rcl            1
R9       100K                 R-EU_R0603        R0603        rcl            1
R10      47K                  R-EU_R0603        R0603        rcl            1
R11      100                  R-EU_R0603        R0603        rcl            1
R12      100                  R-EU_R0603        R0603        rcl            1
R13                           R-EU_R0603        R0603        rcl            1
R14                           R-EU_R0603        R0603        rcl            1
R15      560                  R-EU_R0603        R0603        rcl            1
R16      560                  R-EU_R0603        R0603        rcl            1
R17                           R-EU_R0603        R0603        rcl            1
R19      100                  R-EU_R0603        R0603        rcl            1
R20      100                  R-EU_R0603        R0603        rcl            1
R21      330r                 R-EU_R0603        R0603        rcl            1
R22      330R                 R-EU_R0603        R0603        rcl            1
R23      330R                 R-EU_R0603        R0603        rcl            1
R24      330R                 R-EU_R0603        R0603        rcl            1
R27                           R-EU_R0603        R0603        rcl            1
U$1      CAMCON2W             CAMCON2W          09CON2W      ecssr-Pwr      1
U$2      CAMCON2W             CAMCON2W          09CON2W      ecssr-Pwr      1
U$3      CAMCON2W             CAMCON2W          09CON2W      ecssr-Pwr      1
X1       32Khz                CRYSTALTC26H      TC26H        crystal        1
